<?xml version="1.0" encoding="UTF-8"?>
<testng-results ignored="0" total="7" passed="7" failed="0" skipped="0">
  <reporter-output>
  </reporter-output>
  <suite started-at="2025-05-22T15:54:45 IST" name="Surefire suite" finished-at="2025-05-22T15:58:46 IST" duration-ms="240884">
    <groups>
    </groups>
    <test started-at="2025-05-22T15:54:45 IST" name="Surefire test" finished-at="2025-05-22T15:58:46 IST" duration-ms="240884">
      <class name="runner.AppTest">
        <test-method is-config="true" signature="createReport()[pri:0, instance:runner.AppTest@65d6b83b]" started-at="2025-05-22T15:54:45 IST" name="createReport" finished-at="2025-05-22T15:54:45 IST" duration-ms="205" status="PASS">
          <reporter-output>
          </reporter-output>
        </test-method> <!-- createReport -->
        <test-method is-config="true" signature="browser(java.lang.reflect.Method)[pri:0, instance:runner.AppTest@65d6b83b]" started-at="2025-05-22T15:54:46 IST" name="browser" finished-at="2025-05-22T15:55:11 IST" duration-ms="24535" status="PASS">
          <params>
            <param index="0">
              <value>
                <![CDATA[public void runner.AppTest.testCase1(java.lang.String,java.lang.String,java.lang.String) throws java.lang.InterruptedException]]>
              </value>
            </param>
          </params>
          <reporter-output>
          </reporter-output>
        </test-method> <!-- browser -->
        <test-method signature="testCase1(java.lang.String,java.lang.String,java.lang.String)[pri:1, instance:runner.AppTest@65d6b83b]" started-at="2025-05-22T15:55:11 IST" name="testCase1" data-provider="nonExistantEmail" finished-at="2025-05-22T15:55:19 IST" duration-ms="8648" status="PASS">
          <params>
            <param index="0">
              <value is-null="true"/>
            </param>
            <param index="1">
              <value>
                <![CDATA[hulululu@gmail.com]]>
              </value>
            </param>
            <param index="2">
              <value>
                <![CDATA[You are not registered with us. Please sign up.]]>
              </value>
            </param>
          </params>
          <reporter-output>
          </reporter-output>
        </test-method> <!-- testCase1 -->
        <test-method is-config="true" signature="tearDown()[pri:0, instance:runner.AppTest@65d6b83b]" started-at="2025-05-22T15:55:19 IST" name="tearDown" finished-at="2025-05-22T15:55:19 IST" duration-ms="211" status="PASS">
          <reporter-output>
          </reporter-output>
        </test-method> <!-- tearDown -->
        <test-method is-config="true" signature="browser(java.lang.reflect.Method)[pri:0, instance:runner.AppTest@65d6b83b]" started-at="2025-05-22T15:55:19 IST" name="browser" finished-at="2025-05-22T15:55:43 IST" duration-ms="23479" status="PASS">
          <params>
            <param index="0">
              <value>
                <![CDATA[public void runner.AppTest.testCase1(java.lang.String,java.lang.String,java.lang.String) throws java.lang.InterruptedException]]>
              </value>
            </param>
          </params>
          <reporter-output>
          </reporter-output>
        </test-method> <!-- browser -->
        <test-method signature="testCase1(java.lang.String,java.lang.String,java.lang.String)[pri:1, instance:runner.AppTest@65d6b83b]" started-at="2025-05-22T15:55:43 IST" name="testCase1" data-provider="nonExistantEmail" finished-at="2025-05-22T15:55:53 IST" duration-ms="10212" status="PASS">
          <params>
            <param index="0">
              <value is-null="true"/>
            </param>
            <param index="1">
              <value>
                <![CDATA[lkmadjnajkndjna@gmail.com]]>
              </value>
            </param>
            <param index="2">
              <value>
                <![CDATA[You are not registered with us. Please sign up.]]>
              </value>
            </param>
          </params>
          <reporter-output>
          </reporter-output>
        </test-method> <!-- testCase1 -->
        <test-method is-config="true" signature="tearDown()[pri:0, instance:runner.AppTest@65d6b83b]" started-at="2025-05-22T15:55:53 IST" name="tearDown" finished-at="2025-05-22T15:55:53 IST" duration-ms="195" status="PASS">
          <reporter-output>
          </reporter-output>
        </test-method> <!-- tearDown -->
        <test-method is-config="true" signature="browser(java.lang.reflect.Method)[pri:0, instance:runner.AppTest@65d6b83b]" started-at="2025-05-22T15:55:53 IST" name="browser" finished-at="2025-05-22T15:56:16 IST" duration-ms="22712" status="PASS">
          <params>
            <param index="0">
              <value>
                <![CDATA[public void runner.AppTest.testCase1(java.lang.String,java.lang.String,java.lang.String) throws java.lang.InterruptedException]]>
              </value>
            </param>
          </params>
          <reporter-output>
          </reporter-output>
        </test-method> <!-- browser -->
        <test-method signature="testCase1(java.lang.String,java.lang.String,java.lang.String)[pri:1, instance:runner.AppTest@65d6b83b]" started-at="2025-05-22T15:56:16 IST" name="testCase1" data-provider="nonExistantEmail" finished-at="2025-05-22T15:56:22 IST" duration-ms="6146" status="PASS">
          <params>
            <param index="0">
              <value is-null="true"/>
            </param>
            <param index="1">
              <value>
                <![CDATA[kksdf@gmail.com]]>
              </value>
            </param>
            <param index="2">
              <value>
                <![CDATA[You are not registered with us. Please sign up.]]>
              </value>
            </param>
          </params>
          <reporter-output>
          </reporter-output>
        </test-method> <!-- testCase1 -->
        <test-method is-config="true" signature="tearDown()[pri:0, instance:runner.AppTest@65d6b83b]" started-at="2025-05-22T15:56:22 IST" name="tearDown" finished-at="2025-05-22T15:56:22 IST" duration-ms="222" status="PASS">
          <reporter-output>
          </reporter-output>
        </test-method> <!-- tearDown -->
        <test-method is-config="true" signature="browser(java.lang.reflect.Method)[pri:0, instance:runner.AppTest@65d6b83b]" started-at="2025-05-22T15:56:22 IST" name="browser" finished-at="2025-05-22T15:56:43 IST" duration-ms="20671" status="PASS">
          <params>
            <param index="0">
              <value>
                <![CDATA[public void runner.AppTest.testCase1(java.lang.String,java.lang.String,java.lang.String) throws java.lang.InterruptedException]]>
              </value>
            </param>
          </params>
          <reporter-output>
          </reporter-output>
        </test-method> <!-- browser -->
        <test-method signature="testCase1(java.lang.String,java.lang.String,java.lang.String)[pri:1, instance:runner.AppTest@65d6b83b]" started-at="2025-05-22T15:56:43 IST" name="testCase1" data-provider="nonExistantEmail" finished-at="2025-05-22T15:56:57 IST" duration-ms="14133" status="PASS">
          <params>
            <param index="0">
              <value is-null="true"/>
            </param>
            <param index="1">
              <value>
                <![CDATA[kradisdfg@gmail.com]]>
              </value>
            </param>
            <param index="2">
              <value>
                <![CDATA[You are not registered with us. Please sign up.]]>
              </value>
            </param>
          </params>
          <reporter-output>
          </reporter-output>
        </test-method> <!-- testCase1 -->
        <test-method is-config="true" signature="tearDown()[pri:0, instance:runner.AppTest@65d6b83b]" started-at="2025-05-22T15:56:57 IST" name="tearDown" finished-at="2025-05-22T15:56:57 IST" duration-ms="227" status="PASS">
          <reporter-output>
          </reporter-output>
        </test-method> <!-- tearDown -->
        <test-method is-config="true" signature="browser(java.lang.reflect.Method)[pri:0, instance:runner.AppTest@65d6b83b]" started-at="2025-05-22T15:56:57 IST" name="browser" finished-at="2025-05-22T15:57:13 IST" duration-ms="15279" status="PASS">
          <params>
            <param index="0">
              <value>
                <![CDATA[public void runner.AppTest.testCase1(java.lang.String,java.lang.String,java.lang.String) throws java.lang.InterruptedException]]>
              </value>
            </param>
          </params>
          <reporter-output>
          </reporter-output>
        </test-method> <!-- browser -->
        <test-method signature="testCase1(java.lang.String,java.lang.String,java.lang.String)[pri:1, instance:runner.AppTest@65d6b83b]" started-at="2025-05-22T15:57:13 IST" name="testCase1" data-provider="nonExistantEmail" finished-at="2025-05-22T15:57:30 IST" duration-ms="17227" status="PASS">
          <params>
            <param index="0">
              <value is-null="true"/>
            </param>
            <param index="1">
              <value>
                <![CDATA[idifiw@gmail.com]]>
              </value>
            </param>
            <param index="2">
              <value>
                <![CDATA[You are not registered with us. Please sign up.]]>
              </value>
            </param>
          </params>
          <reporter-output>
          </reporter-output>
        </test-method> <!-- testCase1 -->
        <test-method is-config="true" signature="tearDown()[pri:0, instance:runner.AppTest@65d6b83b]" started-at="2025-05-22T15:57:30 IST" name="tearDown" finished-at="2025-05-22T15:57:31 IST" duration-ms="715" status="PASS">
          <reporter-output>
          </reporter-output>
        </test-method> <!-- tearDown -->
        <test-method is-config="true" signature="browser(java.lang.reflect.Method)[pri:0, instance:runner.AppTest@65d6b83b]" started-at="2025-05-22T15:57:31 IST" name="browser" finished-at="2025-05-22T15:57:51 IST" duration-ms="20005" status="PASS">
          <params>
            <param index="0">
              <value>
                <![CDATA[public void runner.AppTest.testCase2(java.lang.String,java.lang.String,java.lang.String) throws java.lang.InterruptedException]]>
              </value>
            </param>
          </params>
          <reporter-output>
          </reporter-output>
        </test-method> <!-- browser -->
        <test-method signature="testCase2(java.lang.String,java.lang.String,java.lang.String)[pri:2, instance:runner.AppTest@65d6b83b]" started-at="2025-05-22T15:57:51 IST" name="testCase2" data-provider="RegisteredEmail" finished-at="2025-05-22T15:58:08 IST" duration-ms="17615" status="PASS">
          <params>
            <param index="0">
              <value is-null="true"/>
            </param>
            <param index="1">
              <value>
                <![CDATA[sinhababuanik@gmail.com]]>
              </value>
            </param>
            <param index="2">
              <value>
                <![CDATA[Verification code sent to sinhababuanik@gmail.com]]>
              </value>
            </param>
          </params>
          <reporter-output>
          </reporter-output>
        </test-method> <!-- testCase2 -->
        <test-method is-config="true" signature="tearDown()[pri:0, instance:runner.AppTest@65d6b83b]" started-at="2025-05-22T15:58:08 IST" name="tearDown" finished-at="2025-05-22T15:58:09 IST" duration-ms="241" status="PASS">
          <reporter-output>
          </reporter-output>
        </test-method> <!-- tearDown -->
        <test-method is-config="true" signature="browser(java.lang.reflect.Method)[pri:0, instance:runner.AppTest@65d6b83b]" started-at="2025-05-22T15:58:09 IST" name="browser" finished-at="2025-05-22T15:58:27 IST" duration-ms="18680" status="PASS">
          <params>
            <param index="0">
              <value>
                <![CDATA[public void runner.AppTest.testCase2(java.lang.String,java.lang.String,java.lang.String) throws java.lang.InterruptedException]]>
              </value>
            </param>
          </params>
          <reporter-output>
          </reporter-output>
        </test-method> <!-- browser -->
        <test-method signature="testCase2(java.lang.String,java.lang.String,java.lang.String)[pri:2, instance:runner.AppTest@65d6b83b]" started-at="2025-05-22T15:58:27 IST" name="testCase2" data-provider="RegisteredEmail" finished-at="2025-05-22T15:58:45 IST" duration-ms="18012" status="PASS">
          <params>
            <param index="0">
              <value is-null="true"/>
            </param>
            <param index="1">
              <value>
                <![CDATA[udithnayak@gmail.com]]>
              </value>
            </param>
            <param index="2">
              <value>
                <![CDATA[Verification code sent to udithnayak@gmail.com]]>
              </value>
            </param>
          </params>
          <reporter-output>
          </reporter-output>
        </test-method> <!-- testCase2 -->
        <test-method is-config="true" signature="tearDown()[pri:0, instance:runner.AppTest@65d6b83b]" started-at="2025-05-22T15:58:45 IST" name="tearDown" finished-at="2025-05-22T15:58:46 IST" duration-ms="218" status="PASS">
          <reporter-output>
          </reporter-output>
        </test-method> <!-- tearDown -->
        <test-method is-config="true" signature="flush()[pri:0, instance:runner.AppTest@65d6b83b]" started-at="2025-05-22T15:58:46 IST" name="flush" finished-at="2025-05-22T15:58:46 IST" duration-ms="422" status="PASS">
          <reporter-output>
          </reporter-output>
        </test-method> <!-- flush -->
      </class> <!-- runner.AppTest -->
    </test> <!-- Surefire test -->
  </suite> <!-- Surefire suite -->
</testng-results>
