<?xml version="1.0" encoding="UTF-8"?>
<!-- Generated by org.testng.reporters.JUnitXMLReporter -->
<testsuite ignored="0" hostname="N1NXCV083539028" failures="0" tests="7" name="Surefire test" time="240.884" errors="0" timestamp="2025-05-22T15:58:46 IST">
  <testcase classname="runner.AppTest" name="testCase1" time="8.648"/>
  <testcase classname="runner.AppTest" name="testCase1" time="10.212"/>
  <testcase classname="runner.AppTest" name="testCase1" time="6.146"/>
  <testcase classname="runner.AppTest" name="testCase1" time="14.133"/>
  <testcase classname="runner.AppTest" name="testCase1" time="17.227"/>
  <testcase classname="runner.AppTest" name="testCase2" time="17.615"/>
  <testcase classname="runner.AppTest" name="testCase2" time="18.012"/>
</testsuite> <!-- Surefire test -->
